#
# There is insufficient memory for the Java Runtime Environment to continue.
# Native memory allocation (malloc) failed to allocate 1059696 bytes. Error detail: Chunk::new
# Possible reasons:
#   The system is out of physical RAM or swap space
#   This process is running with CompressedOops enabled, and the Java Heap may be blocking the growth of the native heap
# Possible solutions:
#   Reduce memory load on the system
#   Increase physical memory or swap space
#   Check if swap backing store is full
#   Decrease Java heap size (-Xmx/-Xms)
#   Decrease number of Java threads
#   Decrease Java thread stack sizes (-Xss)
#   Set larger code cache with -XX:ReservedCodeCacheSize=
#   JVM is running with Unscaled Compressed Oops mode in which the Java heap is
#     placed in the first 4GB address space. The Java Heap base address is the
#     maximum limit for the native heap growth. Please use -XX:HeapBaseMinAddress
#     to set the Java Heap base and to place the Java Heap above 4GB virtual address.
# This output file may be truncated or incomplete.
#
#  Out of Memory Error (arena.cpp:168), pid=24756, tid=14680
#
# JRE version: OpenJDK Runtime Environment Temurin-21.0.11+10 (21.0.11+10) (build 21.0.11+10-LTS)
# Java VM: OpenJDK 64-Bit Server VM Temurin-21.0.11+10 (21.0.11+10-LTS, mixed mode, sharing, tiered, compressed oops, compressed class ptrs, parallel gc, windows-amd64)
# No core dump will be written. Minidumps are not enabled by default on client versions of Windows
#

---------------  S U M M A R Y ------------

Command Line: --add-modules=ALL-SYSTEM --add-opens=java.base/java.util=ALL-UNNAMED --add-opens=java.base/java.lang=ALL-UNNAMED --add-opens=java.base/sun.nio.fs=ALL-UNNAMED -Declipse.application=org.eclipse.jdt.ls.core.id1 -Dosgi.bundles.defaultStartLevel=4 -Declipse.product=org.eclipse.jdt.ls.core.product -Djava.import.generatesMetadataFilesAtProjectRoot=false -DDetectVMInstallationsJob.disabled=true -Dfile.encoding=utf8 -XX:+UseParallelGC -XX:GCTimeRatio=4 -XX:AdaptiveSizePolicyWeight=90 -Dsun.zip.disableMemoryMapping=true -Xmx2G -Xms100m -Xlog:disable -javaagent:c:\Users\gueva\.vscode\extensions\redhat.java-1.55.0-win32-x64\lombok\lombok-1.18.39-4050.jar -XX:+HeapDumpOnOutOfMemoryError -XX:HeapDumpPath=c:\Users\gueva\AppData\Roaming\Code\User\workspaceStorage\5fd818618211ab469c80fdabcfed7426\redhat.java -Daether.dependencyCollector.impl=bf c:\Users\gueva\.vscode\extensions\redhat.java-1.55.0-win32-x64\server\plugins\org.eclipse.equinox.launcher_1.7.200.v20260619-2039.jar -configuration c:\Users\gueva\AppData\Roaming\Code\User\globalStorage\redhat.java\1.55.0\config_win -data c:\Users\gueva\AppData\Roaming\Code\User\workspaceStorage\5fd818618211ab469c80fdabcfed7426\redhat.java\jdt_ws --pipe=\\.\pipe\lsp-0aa6a5f97fffd6e28ae79ae0a5cdc6f1-sock

Host: AMD Ryzen 5 7520U with Radeon Graphics         , 8 cores, 7G,  Windows 11 , 64 bit Build 26100 (10.0.26100.8875)
Time: Sun Jul 19 03:58:35 2026 Hora est嫕dar central (M憖ico) elapsed time: 8903.639208 seconds (0d 2h 28m 23s)

---------------  T H R E A D  ---------------

Current thread (0x000001e59018d360):  JavaThread "C2 CompilerThread0" daemon [_thread_in_native, id=14680, stack(0x0000009dbaf00000,0x0000009dbb000000) (1024K)]


Current CompileTask:
C2:8903640 32754       4       org.codehaus.plexus.util.xml.Xpp3Dom::mergeIntoXpp3Dom (518 bytes)

Stack: [0x0000009dbaf00000,0x0000009dbb000000]
Native frames: (J=compiled Java code, j=interpreted, Vv=VM code, C=native code)
V  [jvm.dll+0x6d7e19]
V  [jvm.dll+0x8b5096]
V  [jvm.dll+0x8b764e]
V  [jvm.dll+0x8b7d33]
V  [jvm.dll+0x284596]
V  [jvm.dll+0xc685d]
V  [jvm.dll+0xc6da1]
V  [jvm.dll+0x3bed31]
V  [jvm.dll+0x38b2b2]
V  [jvm.dll+0x38a6fa]
V  [jvm.dll+0x24c700]
V  [jvm.dll+0x24bce0]
V  [jvm.dll+0x1cb4ae]
V  [jvm.dll+0x25baad]
V  [jvm.dll+0x25a03a]
V  [jvm.dll+0x3f868e]
V  [jvm.dll+0x85fb0d]
V  [jvm.dll+0x6d664d]
C  [ucrtbase.dll+0x2cd30]
C  [KERNEL32.DLL+0x2e957]
C  [ntdll.dll+0xaad6c]


---------------  P R O C E S S  ---------------

Threads class SMR info:
_java_thread_list=0x000001e5f38e0bc0, length=85, elements={
0x000001e58dd4ac90, 0x000001e5902cb510, 0x000001e5902ce7b0, 0x000001e590188630,
0x000001e590189290, 0x000001e59018f100, 0x000001e59018c910, 0x000001e59018d360,
0x000001e5901a7a30, 0x000001e5e9745130, 0x000001e5e985b630, 0x000001e5ee3fefe0,
0x000001e5ee16bff0, 0x000001e5ee75a640, 0x000001e5ee752b10, 0x000001e5eed60fc0,
0x000001e5ef00a080, 0x000001e5ee047980, 0x000001e5eee9c730, 0x000001e5eee9b380,
0x000001e5eee992b0, 0x000001e5eee99940, 0x000001e5ef1a3aa0, 0x000001e5ef1a2060,
0x000001e5ef1a19d0, 0x000001e5ef1a47c0, 0x000001e5ef1a4130, 0x000001e5ef1a26f0,
0x000001e5ef1a2d80, 0x000001e5ef1a3410, 0x000001e5ef1a1340, 0x000001e5ef1a6890,
0x000001e5f0fc0d60, 0x000001e5f0fc4870, 0x000001e5f0fc4f00, 0x000001e5f0fc1a80,
0x000001e5f3d75d80, 0x000001e5f0fc34c0, 0x000001e5f0fc3b50, 0x000001e5f2fb07f0,
0x000001e5f2fb0e80, 0x000001e5f2fb2230, 0x000001e5f2fb2f50, 0x000001e5f3d77e50,
0x000001e5f3d756f0, 0x000001e5f3d784e0, 0x000001e5f3d75060, 0x000001e5f3d79890,
0x000001e5f3d76aa0, 0x000001e5f3d76410, 0x000001e5f3d7ac40, 0x000001e5f3d7b2d0,
0x000001e5f3d7b960, 0x000001e5e9937cc0, 0x000001e5e9936910, 0x000001e5e9938350,
0x000001e5e9934ed0, 0x000001e5e9935bf0, 0x000001e5e9936280, 0x000001e5e993be60,
0x000001e5e9939d90, 0x000001e5e993a420, 0x000001e5e993b140, 0x000001e5f0554180,
0x000001e5f0554810, 0x000001e5f0555bc0, 0x000001e5f0556250, 0x000001e5f0552dd0,
0x000001e5f0557c90, 0x000001e5f0557600, 0x000001e5f05596d0, 0x000001e5f2fad370,
0x000001e5f0fc2e30, 0x000001e5f0fc13f0, 0x000001e5f0fc6940, 0x000001e5f0fc6fd0,
0x000001e5f0fc7cf0, 0x000001e5f2fae720, 0x000001e5f2fafad0, 0x000001e5f2faedb0,
0x000001e5f2fada00, 0x000001e5f2fac650, 0x000001e5f2fb1510, 0x000001e5f2fb1ba0,
0x000001e5f2fb0160
}

Java Threads: ( => current thread )
  0x000001e58dd4ac90 JavaThread "main"                              [_thread_blocked, id=21664, stack(0x0000009dba500000,0x0000009dba600000) (1024K)]
  0x000001e5902cb510 JavaThread "Reference Handler"          daemon [_thread_blocked, id=26428, stack(0x0000009dba900000,0x0000009dbaa00000) (1024K)]
  0x000001e5902ce7b0 JavaThread "Finalizer"                  daemon [_thread_blocked, id=23784, stack(0x0000009dbaa00000,0x0000009dbab00000) (1024K)]
  0x000001e590188630 JavaThread "Signal Dispatcher"          daemon [_thread_blocked, id=13924, stack(0x0000009dbab00000,0x0000009dbac00000) (1024K)]
  0x000001e590189290 JavaThread "Attach Listener"            daemon [_thread_blocked, id=25020, stack(0x0000009dbac00000,0x0000009dbad00000) (1024K)]
  0x000001e59018f100 JavaThread "Service Thread"             daemon [_thread_blocked, id=16468, stack(0x0000009dbad00000,0x0000009dbae00000) (1024K)]
  0x000001e59018c910 JavaThread "Monitor Deflation Thread"   daemon [_thread_blocked, id=23212, stack(0x0000009dbae00000,0x0000009dbaf00000) (1024K)]
=>0x000001e59018d360 JavaThread "C2 CompilerThread0"         daemon [_thread_in_native, id=14680, stack(0x0000009dbaf00000,0x0000009dbb000000) (1024K)]
  0x000001e5901a7a30 JavaThread "C1 CompilerThread0"         daemon [_thread_blocked, id=7260, stack(0x0000009dbb000000,0x0000009dbb100000) (1024K)]
  0x000001e5e9745130 JavaThread "Common-Cleaner"             daemon [_thread_blocked, id=13164, stack(0x0000009dbb100000,0x0000009dbb200000) (1024K)]
  0x000001e5e985b630 JavaThread "Notification Thread"        daemon [_thread_blocked, id=3088, stack(0x0000009dbb200000,0x0000009dbb300000) (1024K)]
  0x000001e5ee3fefe0 JavaThread "Active Thread: Equinox Container: 60608cc3-71c0-4ab2-8505-1f8da43d5b35"        [_thread_blocked, id=13044, stack(0x0000009dbb900000,0x0000009dbba00000) (1024K)]
  0x000001e5ee16bff0 JavaThread "Refresh Thread: Equinox Container: 60608cc3-71c0-4ab2-8505-1f8da43d5b35" daemon [_thread_blocked, id=4608, stack(0x0000009dbbb00000,0x0000009dbbc00000) (1024K)]
  0x000001e5ee75a640 JavaThread "Framework Event Dispatcher: Equinox Container: 60608cc3-71c0-4ab2-8505-1f8da43d5b35" daemon [_thread_blocked, id=2872, stack(0x0000009dbbc00000,0x0000009dbbd00000) (1024K)]
  0x000001e5ee752b10 JavaThread "Start Level: Equinox Container: 60608cc3-71c0-4ab2-8505-1f8da43d5b35" daemon [_thread_blocked, id=22724, stack(0x0000009dbbd00000,0x0000009dbbe00000) (1024K)]
  0x000001e5eed60fc0 JavaThread "Bundle File Closer"         daemon [_thread_blocked, id=13484, stack(0x0000009dbbe00000,0x0000009dbbf00000) (1024K)]
  0x000001e5ef00a080 JavaThread "SCR Component Actor"        daemon [_thread_blocked, id=25572, stack(0x0000009dbc000000,0x0000009dbc100000) (1024K)]
  0x000001e5ee047980 JavaThread "Worker-JM"                         [_thread_blocked, id=23716, stack(0x0000009dbc100000,0x0000009dbc200000) (1024K)]
  0x000001e5eee9c730 JavaThread "Java indexing"              daemon [_thread_blocked, id=15864, stack(0x0000009dbc600000,0x0000009dbc700000) (1024K)]
  0x000001e5eee9b380 JavaThread "JNA Cleaner"                daemon [_thread_blocked, id=15272, stack(0x0000009dbc700000,0x0000009dbc800000) (1024K)]
  0x000001e5eee992b0 JavaThread "Thread-1"                   daemon [_thread_in_native, id=13036, stack(0x0000009dbcb00000,0x0000009dbcc00000) (1024K)]
  0x000001e5eee99940 JavaThread "Thread-2"                   daemon [_thread_in_native, id=19640, stack(0x0000009dbcc00000,0x0000009dbcd00000) (1024K)]
  0x000001e5ef1a3aa0 JavaThread "Thread-3"                   daemon [_thread_in_native, id=25216, stack(0x0000009dbcd00000,0x0000009dbce00000) (1024K)]
  0x000001e5ef1a2060 JavaThread "Thread-4"                   daemon [_thread_in_native, id=25884, stack(0x0000009dbce00000,0x0000009dbcf00000) (1024K)]
  0x000001e5ef1a19d0 JavaThread "Thread-5"                   daemon [_thread_in_native, id=23640, stack(0x0000009dbcf00000,0x0000009dbd000000) (1024K)]
  0x000001e5ef1a47c0 JavaThread "Thread-6"                   daemon [_thread_in_native, id=9236, stack(0x0000009dbd000000,0x0000009dbd100000) (1024K)]
  0x000001e5ef1a4130 JavaThread "Thread-7"                   daemon [_thread_in_native, id=12148, stack(0x0000009dbd100000,0x0000009dbd200000) (1024K)]
  0x000001e5ef1a26f0 JavaThread "Thread-8"                   daemon [_thread_in_native, id=19328, stack(0x0000009dbd200000,0x0000009dbd300000) (1024K)]
  0x000001e5ef1a2d80 JavaThread "Thread-9"                   daemon [_thread_in_native, id=12068, stack(0x0000009dbd300000,0x0000009dbd400000) (1024K)]
  0x000001e5ef1a3410 JavaThread "pool-2-thread-1"                   [_thread_blocked, id=14844, stack(0x0000009dbd400000,0x0000009dbd500000) (1024K)]
  0x000001e5ef1a1340 JavaThread "WorkspaceEventsHandler"            [_thread_blocked, id=12704, stack(0x0000009dbd500000,0x0000009dbd600000) (1024K)]
  0x000001e5ef1a6890 JavaThread "pool-1-thread-1"                   [_thread_blocked, id=27584, stack(0x0000009dbd600000,0x0000009dbd700000) (1024K)]
  0x000001e5f0fc0d60 JavaThread "Cleaner-0"                  daemon [_thread_blocked, id=19652, stack(0x0000009dbfe00000,0x0000009dbff00000) (1024K)]
  0x000001e5f0fc4870 JavaThread "Java Debug Server"          daemon [_thread_in_native, id=16668, stack(0x0000009dbf900000,0x0000009dbfa00000) (1024K)]
  0x000001e5f0fc4f00 JavaThread "RxSchedulerPurge-1"         daemon [_thread_blocked, id=23204, stack(0x0000009dc0000000,0x0000009dc0100000) (1024K)]
  0x000001e5f0fc1a80 JavaThread "RxCachedWorkerPoolEvictor-1" daemon [_thread_blocked, id=23216, stack(0x0000009dc0100000,0x0000009dc0200000) (1024K)]
  0x000001e5f3d75d80 JavaThread "process reaper (pid 14452)" daemon [_thread_in_native, id=4932, stack(0x0000009db9f40000,0x0000009db9f60000) (128K)]
  0x000001e5f0fc34c0 JavaThread "PatternSearchJob-worker-16" daemon [_thread_blocked, id=29016, stack(0x0000009dbfd00000,0x0000009dbfe00000) (1024K)]
  0x000001e5f0fc3b50 JavaThread "PatternSearchJob-worker-17" daemon [_thread_blocked, id=24840, stack(0x0000009dbff00000,0x0000009dc0000000) (1024K)]
  0x000001e5f2fb07f0 JavaThread "pool-48-thread-17"                 [_thread_in_native, id=17988, stack(0x0000009dbc400000,0x0000009dbc500000) (1024K)]
  0x000001e5f2fb0e80 JavaThread "RxNewThreadScheduler-33"    daemon [_thread_blocked, id=26476, stack(0x0000009dbc800000,0x0000009dbc900000) (1024K)]
  0x000001e5f2fb2230 JavaThread "pool-48-thread-19"                 [_thread_in_native, id=17412, stack(0x0000009dbde00000,0x0000009dbdf00000) (1024K)]
  0x000001e5f2fb2f50 JavaThread "RxNewThreadScheduler-37"    daemon [_thread_blocked, id=27932, stack(0x0000009dbdf00000,0x0000009dbe000000) (1024K)]
  0x000001e5f3d77e50 JavaThread "process reaper (pid 8480)"  daemon [_thread_in_native, id=24112, stack(0x0000009db9f80000,0x0000009db9fa0000) (128K)]
  0x000001e5f3d756f0 JavaThread "pool-48-thread-20"                 [_thread_in_native, id=28264, stack(0x0000009dbe000000,0x0000009dbe100000) (1024K)]
  0x000001e5f3d784e0 JavaThread "RxNewThreadScheduler-39"    daemon [_thread_blocked, id=8420, stack(0x0000009dbe100000,0x0000009dbe200000) (1024K)]
  0x000001e5f3d75060 JavaThread "process reaper (pid 8988)"  daemon [_thread_in_native, id=29184, stack(0x0000009db9fa0000,0x0000009db9fc0000) (128K)]
  0x000001e5f3d79890 JavaThread "pool-48-thread-21"                 [_thread_in_native, id=14884, stack(0x0000009dbe200000,0x0000009dbe300000) (1024K)]
  0x000001e5f3d76aa0 JavaThread "RxNewThreadScheduler-41"    daemon [_thread_blocked, id=22748, stack(0x0000009dbe300000,0x0000009dbe400000) (1024K)]
  0x000001e5f3d76410 JavaThread "process reaper (pid 25256)" daemon [_thread_in_native, id=20780, stack(0x0000009db9fc0000,0x0000009db9fe0000) (128K)]
  0x000001e5f3d7ac40 JavaThread "pool-48-thread-22"                 [_thread_in_native, id=592, stack(0x0000009dbda00000,0x0000009dbdb00000) (1024K)]
  0x000001e5f3d7b2d0 JavaThread "RxNewThreadScheduler-43"    daemon [_thread_blocked, id=25008, stack(0x0000009dbe400000,0x0000009dbe500000) (1024K)]
  0x000001e5f3d7b960 JavaThread "process reaper (pid 14688)" daemon [_thread_in_native, id=19888, stack(0x0000009db9fe0000,0x0000009dba000000) (128K)]
  0x000001e5e9937cc0 JavaThread "pool-48-thread-23"                 [_thread_in_native, id=25444, stack(0x0000009dbe700000,0x0000009dbe800000) (1024K)]
  0x000001e5e9936910 JavaThread "RxNewThreadScheduler-45"    daemon [_thread_blocked, id=8840, stack(0x0000009dbe800000,0x0000009dbe900000) (1024K)]
  0x000001e5e9938350 JavaThread "process reaper (pid 21500)" daemon [_thread_in_native, id=12812, stack(0x0000009dbe900000,0x0000009dbe920000) (128K)]
  0x000001e5e9934ed0 JavaThread "pool-48-thread-24"                 [_thread_in_native, id=28316, stack(0x0000009dbe920000,0x0000009dbea20000) (1024K)]
  0x000001e5e9935bf0 JavaThread "RxNewThreadScheduler-47"    daemon [_thread_blocked, id=4092, stack(0x0000009dbea20000,0x0000009dbeb20000) (1024K)]
  0x000001e5e9936280 JavaThread "process reaper (pid 14180)" daemon [_thread_in_native, id=18536, stack(0x0000009dbeb20000,0x0000009dbeb40000) (128K)]
  0x000001e5e993be60 JavaThread "pool-48-thread-25"                 [_thread_in_native, id=26096, stack(0x0000009dbeb40000,0x0000009dbec40000) (1024K)]
  0x000001e5e9939d90 JavaThread "RxNewThreadScheduler-49"    daemon [_thread_blocked, id=28712, stack(0x0000009dbec40000,0x0000009dbed40000) (1024K)]
  0x000001e5e993a420 JavaThread "process reaper (pid 16400)" daemon [_thread_in_native, id=25100, stack(0x0000009dbed40000,0x0000009dbed60000) (128K)]
  0x000001e5e993b140 JavaThread "pool-48-thread-26"                 [_thread_in_native, id=27356, stack(0x0000009dbed60000,0x0000009dbee60000) (1024K)]
  0x000001e5f0554180 JavaThread "RxNewThreadScheduler-51"    daemon [_thread_blocked, id=8536, stack(0x0000009dbee60000,0x0000009dbef60000) (1024K)]
  0x000001e5f0554810 JavaThread "process reaper (pid 23672)" daemon [_thread_in_native, id=9888, stack(0x0000009dbef60000,0x0000009dbef80000) (128K)]
  0x000001e5f0555bc0 JavaThread "pool-48-thread-27"                 [_thread_in_native, id=21792, stack(0x0000009dbf100000,0x0000009dbf200000) (1024K)]
  0x000001e5f0556250 JavaThread "RxNewThreadScheduler-53"    daemon [_thread_blocked, id=15676, stack(0x0000009dbf200000,0x0000009dbf300000) (1024K)]
  0x000001e5f0552dd0 JavaThread "process reaper (pid 7268)"  daemon [_thread_in_native, id=9656, stack(0x0000009dbef80000,0x0000009dbefa0000) (128K)]
  0x000001e5f0557c90 JavaThread "pool-48-thread-28"                 [_thread_in_native, id=24420, stack(0x0000009dbf300000,0x0000009dbf400000) (1024K)]
  0x000001e5f0557600 JavaThread "RxNewThreadScheduler-55"    daemon [_thread_blocked, id=29380, stack(0x0000009dbf400000,0x0000009dbf500000) (1024K)]
  0x000001e5f05596d0 JavaThread "process reaper (pid 20224)" daemon [_thread_in_native, id=18720, stack(0x0000009dbefa0000,0x0000009dbefc0000) (128K)]
  0x000001e5f2fad370 JavaThread "Worker-78"                         [_thread_blocked, id=15840, stack(0x0000009dba400000,0x0000009dba500000) (1024K)]
  0x000001e5f0fc2e30 JavaThread "PatternSearchJob-worker-20" daemon [_thread_blocked, id=29536, stack(0x0000009dbdb00000,0x0000009dbdc00000) (1024K)]
  0x000001e5f0fc13f0 JavaThread "PatternSearchJob-worker-21" daemon [_thread_blocked, id=29232, stack(0x0000009dbdc00000,0x0000009dbdd00000) (1024K)]
  0x000001e5f0fc6940 JavaThread "PatternSearchJob-worker-22" daemon [_thread_blocked, id=25828, stack(0x0000009dbdd00000,0x0000009dbde00000) (1024K)]
  0x000001e5f0fc6fd0 JavaThread "Worker-81: Building"               [_thread_in_vm, id=3628, stack(0x0000009dba300000,0x0000009dba400000) (1024K)]
  0x000001e5f0fc7cf0 JavaThread "ForkJoinPool.commonPool-worker-68" daemon [_thread_blocked, id=22020, stack(0x0000009dbbf00000,0x0000009dbc000000) (1024K)]
  0x000001e5f2fae720 JavaThread "ForkJoinPool.commonPool-worker-75" daemon [_thread_blocked, id=17284, stack(0x0000009dba200000,0x0000009dba300000) (1024K)]
  0x000001e5f2fafad0 JavaThread "Worker-82"                         [_thread_blocked, id=8656, stack(0x0000009dbc200000,0x0000009dbc300000) (1024K)]
  0x000001e5f2faedb0 JavaThread "ForkJoinPool.commonPool-worker-76" daemon [_thread_blocked, id=27368, stack(0x0000009dbc300000,0x0000009dbc400000) (1024K)]
  0x000001e5f2fada00 JavaThread "ForkJoinPool.commonPool-worker-77" daemon [_thread_blocked, id=26452, stack(0x0000009dbc500000,0x0000009dbc600000) (1024K)]
  0x000001e5f2fac650 JavaThread "ForkJoinPool.commonPool-worker-78" daemon [_thread_blocked, id=24960, stack(0x0000009dbc900000,0x0000009dbca00000) (1024K)]
  0x000001e5f2fb1510 JavaThread "ForkJoinPool.commonPool-worker-79" daemon [_thread_blocked, id=4544, stack(0x0000009dbca00000,0x0000009dbcb00000) (1024K)]
  0x000001e5f2fb1ba0 JavaThread "ForkJoinPool.commonPool-worker-80" daemon [_thread_blocked, id=28348, stack(0x0000009dbd700000,0x0000009dbd800000) (1024K)]
  0x000001e5f2fb0160 JavaThread "Worker-83"                         [_thread_blocked, id=320, stack(0x0000009dbd900000,0x0000009dbda00000) (1024K)]
Total: 85

Other Threads:
  0x000001e590182d70 VMThread "VM Thread"                           [id=8204, stack(0x0000009dba800000,0x0000009dba900000) (1024K)]
  0x000001e59009ca00 WatcherThread "VM Periodic Task Thread"        [id=20536, stack(0x0000009dba700000,0x0000009dba800000) (1024K)]
  0x000001e59022b1c0 WorkerThread "GC Thread#0"                     [id=24332, stack(0x0000009dba600000,0x0000009dba700000) (1024K)]
  0x000001e5ee3a8870 WorkerThread "GC Thread#1"                     [id=1832, stack(0x0000009dbb300000,0x0000009dbb400000) (1024K)]
  0x000001e5ee3a7250 WorkerThread "GC Thread#2"                     [id=26984, stack(0x0000009dbb400000,0x0000009dbb500000) (1024K)]
  0x000001e5ee3a6ea0 WorkerThread "GC Thread#3"                     [id=22060, stack(0x0000009dbb500000,0x0000009dbb600000) (1024K)]
  0x000001e5ee3a7600 WorkerThread "GC Thread#4"                     [id=1268, stack(0x0000009dbb600000,0x0000009dbb700000) (1024K)]
  0x000001e5ee3a79b0 WorkerThread "GC Thread#5"                     [id=15252, stack(0x0000009dbb700000,0x0000009dbb800000) (1024K)]
  0x000001e5ee3a7d60 WorkerThread "GC Thread#6"                     [id=5448, stack(0x0000009dbb800000,0x0000009dbb900000) (1024K)]
  0x000001e5ee3a84c0 WorkerThread "GC Thread#7"                     [id=14456, stack(0x0000009dbba00000,0x0000009dbbb00000) (1024K)]
Total: 10

Threads with active compile tasks:
C2 CompilerThread0  8903759 32754       4       org.codehaus.plexus.util.xml.Xpp3Dom::mergeIntoXpp3Dom (518 bytes)
Total: 1

VM state: not at safepoint (normal execution)

VM Mutex/Monitor currently owned by a thread: None

Heap address: 0x0000000080000000, size: 2048 MB, Compressed Oops mode: 32-bit

CDS archive(s) mapped at: [0x000001e5a7000000-0x000001e5a7ba0000-0x000001e5a7ba0000), size 12189696, SharedBaseAddress: 0x000001e5a7000000, ArchiveRelocationMode: 1.
Compressed class space mapped at: 0x000001e5a8000000-0x000001e5e8000000, reserved size: 1073741824
Narrow klass base: 0x000001e5a7000000, Narrow klass shift: 0, Narrow klass range: 0x100000000

GC Precious Log:
 CardTable entry size: 512
 CPUs: 8 total, 8 available
 Memory: 7379M
 Large Page Support: Disabled
 NUMA Support: Disabled
 Compressed Oops: Enabled (32-bit)
 Alignments: Space 512K, Generation 512K, Heap 2M
 Heap Min Capacity: 100M
 Heap Initial Capacity: 100M
 Heap Max Capacity: 2G
 Pre-touch: Disabled
 Parallel Workers: 8

Heap:
 PSYoungGen      total 24064K, used 22505K [0x00000000d5580000, 0x00000000d7680000, 0x0000000100000000)
  eden space 23040K, 93% used [0x00000000d5580000,0x00000000d6a82570,0x00000000d6c00000)
  from space 1024K, 96% used [0x00000000d7580000,0x00000000d7678020,0x00000000d7680000)
  to   space 2048K, 0% used [0x00000000d7280000,0x00000000d7280000,0x00000000d7480000)
 ParOldGen       total 1295360K, used 721442K [0x0000000080000000, 0x00000000cf100000, 0x00000000d5580000)
  object space 1295360K, 55% used [0x0000000080000000,0x00000000ac088880,0x00000000cf100000)
 Metaspace       used 108173K, committed 110592K, reserved 1179648K
  class space    used 11170K, committed 12224K, reserved 1048576K

Card table byte_map: [0x000001e58fbb0000,0x000001e58ffc0000] _byte_map_base: 0x000001e58f7b0000

Marking Bits: (ParMarkBitMap*) 0x00007ffb0d864460
 Begin Bits: [0x000001e5a26c0000, 0x000001e5a46c0000)
 End Bits:   [0x000001e5a46c0000, 0x000001e5a66c0000)

Polling page: 0x000001e58e200000

Metaspace:

Usage:
  Non-class:     94.73 MB used.
      Class:     10.91 MB used.
       Both:    105.64 MB used.

Virtual space:
  Non-class space:      128.00 MB reserved,      96.06 MB ( 75%) committed,  2 nodes.
      Class space:        1.00 GB reserved,      11.94 MB (  1%) committed,  1 nodes.
             Both:        1.12 GB reserved,     108.00 MB (  9%) committed. 

Chunk freelists:
   Non-Class:  15.92 MB
       Class:  3.89 MB
        Both:  19.81 MB

MaxMetaspaceSize: unlimited
CompressedClassSpaceSize: 1.00 GB
Initial GC threshold: 21.00 MB
Current GC threshold: 166.50 MB
CDS: on
 - commit_granule_bytes: 65536.
 - commit_granule_words: 8192.
 - virtual_space_node_default_size: 8388608.
 - enlarge_chunks_in_place: 1.
 - use_allocation_guard: 0.


Internal statistics:

num_allocs_failed_limit: 9.
num_arena_births: 2256.
num_arena_deaths: 338.
num_vsnodes_births: 3.
num_vsnodes_deaths: 0.
num_space_committed: 1745.
num_space_uncommitted: 11.
num_chunks_returned_to_freelist: 461.
num_chunks_taken_from_freelist: 7967.
num_chunk_merges: 105.
num_chunk_splits: 4679.
num_chunks_enlarged: 2686.
num_inconsistent_stats: 0.

CodeHeap 'non-profiled nmethods': size=120000Kb used=32121Kb max_used=32121Kb free=87878Kb
 bounds [0x000001e59aee0000, 0x000001e59ce40000, 0x000001e5a2410000]
CodeHeap 'profiled nmethods': size=120000Kb used=53369Kb max_used=57403Kb free=66630Kb
 bounds [0x000001e593410000, 0x000001e596c20000, 0x000001e59a940000]
CodeHeap 'non-nmethods': size=5760Kb used=1550Kb max_used=1615Kb free=4209Kb
 bounds [0x000001e59a940000, 0x000001e59abb0000, 0x000001e59aee0000]
CodeCache: size=245760Kb, used=87040Kb, max_used=91139Kb, free=158717Kb
 total_blobs=23340, nmethods=22465, adapters=777, full_count=0
Compilation: enabled, stopped_count=0, restarted_count=0

Compilation events (20 events):
Event: 8900.268 Thread 0x000001e5901a7a30 nmethod 32747 0x000001e594d27a10 code [0x000001e594d27bc0, 0x000001e594d27d70]
Event: 8900.295 Thread 0x000001e5901a7a30 32748   !   3       sun.nio.fs.WindowsFileAttributes::get (275 bytes)
Event: 8900.305 Thread 0x000001e5901a7a30 nmethod 32748 0x000001e593691790 code [0x000001e593691c20, 0x000001e593693a10]
Event: 8900.385 Thread 0x000001e5901a7a30 32749       1       sun.nio.fs.NativeBuffer::size (5 bytes)
Event: 8900.385 Thread 0x000001e5901a7a30 nmethod 32749 0x000001e59ce3cc10 code [0x000001e59ce3cda0, 0x000001e59ce3ce68]
Event: 8900.385 Thread 0x000001e5901a7a30 32750       3       sun.nio.fs.NativeBuffers::getNativeBufferFromCache (51 bytes)
Event: 8900.392 Thread 0x000001e5901a7a30 nmethod 32750 0x000001e5965f9e10 code [0x000001e5965fa000, 0x000001e5965fa6f8]
Event: 8900.757 Thread 0x000001e5901a7a30 32751       1       org.apache.maven.settings.Settings::isOffline (5 bytes)
Event: 8900.757 Thread 0x000001e5901a7a30 nmethod 32751 0x000001e59ce3cf10 code [0x000001e59ce3d0a0, 0x000001e59ce3d170]
Event: 8900.757 Thread 0x000001e5901a7a30 32752       1       org.apache.maven.settings.Settings::isInteractiveMode (5 bytes)
Event: 8900.757 Thread 0x000001e5901a7a30 nmethod 32752 0x000001e59ce3d210 code [0x000001e59ce3d3a0, 0x000001e59ce3d470]
Event: 8901.450 Thread 0x000001e59018d360 32753       4       org.codehaus.plexus.util.SelectorUtils::match (520 bytes)
Event: 8901.888 Thread 0x000001e59018d360 nmethod 32753 0x000001e59ce3d510 code [0x000001e59ce3d6e0, 0x000001e59ce3e028]
Event: 8902.324 Thread 0x000001e59018d360 32754       4       org.codehaus.plexus.util.xml.Xpp3Dom::mergeIntoXpp3Dom (518 bytes)
Event: 8902.705 Thread 0x000001e5901a7a30 32757       3       org.eclipse.core.internal.preferences.EclipsePreferences::makeDirty (30 bytes)
Event: 8902.708 Thread 0x000001e5901a7a30 nmethod 32757 0x000001e5959d7190 code [0x000001e5959d7380, 0x000001e5959d7920]
Event: 8902.753 Thread 0x000001e5901a7a30 32758       3       org.eclipse.core.internal.dtree.AbstractDataTreeNode::convertToAddedComparisonNode (82 bytes)
Event: 8902.754 Thread 0x000001e5901a7a30 nmethod 32758 0x000001e595ac7e10 code [0x000001e595ac8020, 0x000001e595ac88f8]
Event: 8902.754 Thread 0x000001e5901a7a30 32759       3       org.eclipse.core.internal.events.ResourceComparator::compare (383 bytes)
Event: 8902.757 Thread 0x000001e5901a7a30 nmethod 32759 0x000001e59526f410 code [0x000001e59526f860, 0x000001e595272cf0]

GC Heap History (20 events):
Event: 6860.038 GC heap before
{Heap before GC invocations=3491 (full 6):
 PSYoungGen      total 29696K, used 24579K [0x00000000d5580000, 0x00000000d7380000, 0x0000000100000000)
  eden space 28160K, 87% used [0x00000000d5580000,0x00000000d6d78f78,0x00000000d7100000)
  from space 1536K, 2% used [0x00000000d7180000,0x00000000d7188000,0x00000000d7300000)
  to   space 512K, 0% used [0x00000000d7100000,0x00000000d7100000,0x00000000d7180000)
 ParOldGen       total 1295360K, used 687020K [0x0000000080000000, 0x00000000cf100000, 0x00000000d5580000)
  object space 1295360K, 53% used [0x0000000080000000,0x00000000a9eeb370,0x00000000cf100000)
 Metaspace       used 107154K, committed 109568K, reserved 1179648K
  class space    used 11060K, committed 12160K, reserved 1048576K
}
Event: 6860.558 GC heap after
{Heap after GC invocations=3491 (full 6):
 PSYoungGen      total 28160K, used 400K [0x00000000d5580000, 0x00000000d7200000, 0x0000000100000000)
  eden space 27648K, 0% used [0x00000000d5580000,0x00000000d5580000,0x00000000d7080000)
  from space 512K, 78% used [0x00000000d7100000,0x00000000d7164010,0x00000000d7180000)
  to   space 512K, 0% used [0x00000000d7180000,0x00000000d7180000,0x00000000d7200000)
 ParOldGen       total 1295360K, used 694700K [0x0000000080000000, 0x00000000cf100000, 0x00000000d5580000)
  object space 1295360K, 53% used [0x0000000080000000,0x00000000aa66b380,0x00000000cf100000)
 Metaspace       used 107154K, committed 109568K, reserved 1179648K
  class space    used 11060K, committed 12160K, reserved 1048576K
}
Event: 6940.476 GC heap before
{Heap before GC invocations=3492 (full 6):
 PSYoungGen      total 28160K, used 28044K [0x00000000d5580000, 0x00000000d7200000, 0x0000000100000000)
  eden space 27648K, 99% used [0x00000000d5580000,0x00000000d707f1a8,0x00000000d7080000)
  from space 512K, 78% used [0x00000000d7100000,0x00000000d7164010,0x00000000d7180000)
  to   space 512K, 0% used [0x00000000d7180000,0x00000000d7180000,0x00000000d7200000)
 ParOldGen       total 1295360K, used 694700K [0x0000000080000000, 0x00000000cf100000, 0x00000000d5580000)
  object space 1295360K, 53% used [0x0000000080000000,0x00000000aa66b380,0x00000000cf100000)
 Metaspace       used 107168K, committed 109568K, reserved 1179648K
  class space    used 11060K, committed 12160K, reserved 1048576K
}
Event: 6940.994 GC heap after
{Heap after GC invocations=3492 (full 6):
 PSYoungGen      total 27648K, used 256K [0x00000000d5580000, 0x00000000d7200000, 0x0000000100000000)
  eden space 27136K, 0% used [0x00000000d5580000,0x00000000d5580000,0x00000000d7000000)
  from space 512K, 50% used [0x00000000d7180000,0x00000000d71c0000,0x00000000d7200000)
  to   space 512K, 0% used [0x00000000d7100000,0x00000000d7100000,0x00000000d7180000)
 ParOldGen       total 1295360K, used 694812K [0x0000000080000000, 0x00000000cf100000, 0x00000000d5580000)
  object space 1295360K, 53% used [0x0000000080000000,0x00000000aa687380,0x00000000cf100000)
 Metaspace       used 107168K, committed 109568K, reserved 1179648K
  class space    used 11060K, committed 12160K, reserved 1048576K
}
Event: 7554.246 GC heap before
{Heap before GC invocations=3493 (full 6):
 PSYoungGen      total 27648K, used 27391K [0x00000000d5580000, 0x00000000d7200000, 0x0000000100000000)
  eden space 27136K, 99% used [0x00000000d5580000,0x00000000d6ffffb8,0x00000000d7000000)
  from space 512K, 50% used [0x00000000d7180000,0x00000000d71c0000,0x00000000d7200000)
  to   space 512K, 0% used [0x00000000d7100000,0x00000000d7100000,0x00000000d7180000)
 ParOldGen       total 1295360K, used 694812K [0x0000000080000000, 0x00000000cf100000, 0x00000000d5580000)
  object space 1295360K, 53% used [0x0000000080000000,0x00000000aa687380,0x00000000cf100000)
 Metaspace       used 107229K, committed 109632K, reserved 1179648K
  class space    used 11062K, committed 12160K, reserved 1048576K
}
Event: 7554.621 GC heap after
{Heap after GC invocations=3493 (full 6):
 PSYoungGen      total 27136K, used 480K [0x00000000d5580000, 0x00000000d7380000, 0x0000000100000000)
  eden space 26624K, 0% used [0x00000000d5580000,0x00000000d5580000,0x00000000d6f80000)
  from space 512K, 93% used [0x00000000d7100000,0x00000000d7178040,0x00000000d7180000)
  to   space 2048K, 0% used [0x00000000d7180000,0x00000000d7180000,0x00000000d7380000)
 ParOldGen       total 1295360K, used 695693K [0x0000000080000000, 0x00000000cf100000, 0x00000000d5580000)
  object space 1295360K, 53% used [0x0000000080000000,0x00000000aa7635c0,0x00000000cf100000)
 Metaspace       used 107229K, committed 109632K, reserved 1179648K
  class space    used 11062K, committed 12160K, reserved 1048576K
}
Event: 7562.322 GC heap before
{Heap before GC invocations=3494 (full 6):
 PSYoungGen      total 27136K, used 27104K [0x00000000d5580000, 0x00000000d7380000, 0x0000000100000000)
  eden space 26624K, 100% used [0x00000000d5580000,0x00000000d6f80000,0x00000000d6f80000)
  from space 512K, 93% used [0x00000000d7100000,0x00000000d7178040,0x00000000d7180000)
  to   space 2048K, 0% used [0x00000000d7180000,0x00000000d7180000,0x00000000d7380000)
 ParOldGen       total 1295360K, used 695693K [0x0000000080000000, 0x00000000cf100000, 0x00000000d5580000)
  object space 1295360K, 53% used [0x0000000080000000,0x00000000aa7635c0,0x00000000cf100000)
 Metaspace       used 107261K, committed 109696K, reserved 1179648K
  class space    used 11065K, committed 12160K, reserved 1048576K
}
Event: 7562.358 GC heap after
{Heap after GC invocations=3494 (full 6):
 PSYoungGen      total 28160K, used 1801K [0x00000000d5580000, 0x00000000d7380000, 0x0000000100000000)
  eden space 26112K, 0% used [0x00000000d5580000,0x00000000d5580000,0x00000000d6f00000)
  from space 2048K, 87% used [0x00000000d7180000,0x00000000d7342440,0x00000000d7380000)
  to   space 2048K, 0% used [0x00000000d6f80000,0x00000000d6f80000,0x00000000d7180000)
 ParOldGen       total 1295360K, used 696157K [0x0000000080000000, 0x00000000cf100000, 0x00000000d5580000)
  object space 1295360K, 53% used [0x0000000080000000,0x00000000aa7d7600,0x00000000cf100000)
 Metaspace       used 107261K, committed 109696K, reserved 1179648K
  class space    used 11065K, committed 12160K, reserved 1048576K
}
Event: 7887.013 GC heap before
{Heap before GC invocations=3495 (full 6):
 PSYoungGen      total 28160K, used 27913K [0x00000000d5580000, 0x00000000d7380000, 0x0000000100000000)
  eden space 26112K, 100% used [0x00000000d5580000,0x00000000d6f00000,0x00000000d6f00000)
  from space 2048K, 87% used [0x00000000d7180000,0x00000000d7342440,0x00000000d7380000)
  to   space 2048K, 0% used [0x00000000d6f80000,0x00000000d6f80000,0x00000000d7180000)
 ParOldGen       total 1295360K, used 696157K [0x0000000080000000, 0x00000000cf100000, 0x00000000d5580000)
  object space 1295360K, 53% used [0x0000000080000000,0x00000000aa7d7600,0x00000000cf100000)
 Metaspace       used 107270K, committed 109696K, reserved 1179648K
  class space    used 11065K, committed 12160K, reserved 1048576K
}
Event: 7887.429 GC heap after
{Heap after GC invocations=3495 (full 6):
 PSYoungGen      total 27648K, used 2046K [0x00000000d5580000, 0x00000000d8180000, 0x0000000100000000)
  eden space 25600K, 0% used [0x00000000d5580000,0x00000000d5580000,0x00000000d6e80000)
  from space 2048K, 99% used [0x00000000d6f80000,0x00000000d717f9b8,0x00000000d7180000)
  to   space 9728K, 0% used [0x00000000d7800000,0x00000000d7800000,0x00000000d8180000)
 ParOldGen       total 1295360K, used 702376K [0x0000000080000000, 0x00000000cf100000, 0x00000000d5580000)
  object space 1295360K, 54% used [0x0000000080000000,0x00000000aadea008,0x00000000cf100000)
 Metaspace       used 107270K, committed 109696K, reserved 1179648K
  class space    used 11065K, committed 12160K, reserved 1048576K
}
Event: 7889.627 GC heap before
{Heap before GC invocations=3496 (full 6):
 PSYoungGen      total 27648K, used 27646K [0x00000000d5580000, 0x00000000d8180000, 0x0000000100000000)
  eden space 25600K, 100% used [0x00000000d5580000,0x00000000d6e80000,0x00000000d6e80000)
  from space 2048K, 99% used [0x00000000d6f80000,0x00000000d717f9b8,0x00000000d7180000)
  to   space 9728K, 0% used [0x00000000d7800000,0x00000000d7800000,0x00000000d8180000)
 ParOldGen       total 1295360K, used 702376K [0x0000000080000000, 0x00000000cf100000, 0x00000000d5580000)
  object space 1295360K, 54% used [0x0000000080000000,0x00000000aadea008,0x00000000cf100000)
 Metaspace       used 107378K, committed 109760K, reserved 1179648K
  class space    used 11076K, committed 12160K, reserved 1048576K
}
Event: 7889.644 GC heap after
{Heap after GC invocations=3496 (full 6):
 PSYoungGen      total 27648K, used 2441K [0x00000000d5580000, 0x00000000d7a80000, 0x0000000100000000)
  eden space 25088K, 0% used [0x00000000d5580000,0x00000000d5580000,0x00000000d6e00000)
  from space 2560K, 95% used [0x00000000d7800000,0x00000000d7a62440,0x00000000d7a80000)
  to   space 4608K, 0% used [0x00000000d7180000,0x00000000d7180000,0x00000000d7600000)
 ParOldGen       total 1295360K, used 704114K [0x0000000080000000, 0x00000000cf100000, 0x00000000d5580000)
  object space 1295360K, 54% used [0x0000000080000000,0x00000000aaf9c9d8,0x00000000cf100000)
 Metaspace       used 107378K, committed 109760K, reserved 1179648K
  class space    used 11076K, committed 12160K, reserved 1048576K
}
Event: 8369.158 GC heap before
{Heap before GC invocations=3497 (full 6):
 PSYoungGen      total 27648K, used 27529K [0x00000000d5580000, 0x00000000d7a80000, 0x0000000100000000)
  eden space 25088K, 100% used [0x00000000d5580000,0x00000000d6e00000,0x00000000d6e00000)
  from space 2560K, 95% used [0x00000000d7800000,0x00000000d7a62440,0x00000000d7a80000)
  to   space 4608K, 0% used [0x00000000d7180000,0x00000000d7180000,0x00000000d7600000)
 ParOldGen       total 1295360K, used 704114K [0x0000000080000000, 0x00000000cf100000, 0x00000000d5580000)
  object space 1295360K, 54% used [0x0000000080000000,0x00000000aaf9c9d8,0x00000000cf100000)
 Metaspace       used 107410K, committed 109824K, reserved 1179648K
  class space    used 11079K, committed 12160K, reserved 1048576K
}
Event: 8369.550 GC heap after
{Heap after GC invocations=3497 (full 6):
 PSYoungGen      total 29184K, used 1412K [0x00000000d5580000, 0x00000000d7880000, 0x0000000100000000)
  eden space 24576K, 0% used [0x00000000d5580000,0x00000000d5580000,0x00000000d6d80000)
  from space 4608K, 30% used [0x00000000d7180000,0x00000000d72e1270,0x00000000d7600000)
  to   space 2560K, 0% used [0x00000000d7600000,0x00000000d7600000,0x00000000d7880000)
 ParOldGen       total 1295360K, used 706319K [0x0000000080000000, 0x00000000cf100000, 0x00000000d5580000)
  object space 1295360K, 54% used [0x0000000080000000,0x00000000ab1c3c98,0x00000000cf100000)
 Metaspace       used 107410K, committed 109824K, reserved 1179648K
  class space    used 11079K, committed 12160K, reserved 1048576K
}
Event: 8371.516 GC heap before
{Heap before GC invocations=3498 (full 6):
 PSYoungGen      total 29184K, used 25978K [0x00000000d5580000, 0x00000000d7880000, 0x0000000100000000)
  eden space 24576K, 99% used [0x00000000d5580000,0x00000000d6d7d5d8,0x00000000d6d80000)
  from space 4608K, 30% used [0x00000000d7180000,0x00000000d72e1270,0x00000000d7600000)
  to   space 2560K, 0% used [0x00000000d7600000,0x00000000d7600000,0x00000000d7880000)
 ParOldGen       total 1295360K, used 706319K [0x0000000080000000, 0x00000000cf100000, 0x00000000d5580000)
  object space 1295360K, 54% used [0x0000000080000000,0x00000000ab1c3c98,0x00000000cf100000)
 Metaspace       used 107410K, committed 109824K, reserved 1179648K
  class space    used 11079K, committed 12160K, reserved 1048576K
}
Event: 8371.527 GC heap after
{Heap after GC invocations=3498 (full 6):
 PSYoungGen      total 24576K, used 320K [0x00000000d5580000, 0x00000000d7680000, 0x0000000100000000)
  eden space 24064K, 0% used [0x00000000d5580000,0x00000000d5580000,0x00000000d6d00000)
  from space 512K, 62% used [0x00000000d7600000,0x00000000d7650040,0x00000000d7680000)
  to   space 1024K, 0% used [0x00000000d7480000,0x00000000d7480000,0x00000000d7580000)
 ParOldGen       total 1295360K, used 707413K [0x0000000080000000, 0x00000000cf100000, 0x00000000d5580000)
  object space 1295360K, 54% used [0x0000000080000000,0x00000000ab2d5600,0x00000000cf100000)
 Metaspace       used 107410K, committed 109824K, reserved 1179648K
  class space    used 11079K, committed 12160K, reserved 1048576K
}
Event: 8812.812 GC heap before
{Heap before GC invocations=3499 (full 6):
 PSYoungGen      total 24576K, used 24384K [0x00000000d5580000, 0x00000000d7680000, 0x0000000100000000)
  eden space 24064K, 100% used [0x00000000d5580000,0x00000000d6d00000,0x00000000d6d00000)
  from space 512K, 62% used [0x00000000d7600000,0x00000000d7650040,0x00000000d7680000)
  to   space 1024K, 0% used [0x00000000d7480000,0x00000000d7480000,0x00000000d7580000)
 ParOldGen       total 1295360K, used 707413K [0x0000000080000000, 0x00000000cf100000, 0x00000000d5580000)
  object space 1295360K, 54% used [0x0000000080000000,0x00000000ab2d5600,0x00000000cf100000)
 Metaspace       used 107416K, committed 109824K, reserved 1179648K
  class space    used 11079K, committed 12160K, reserved 1048576K
}
Event: 8813.318 GC heap after
{Heap after GC invocations=3499 (full 6):
 PSYoungGen      total 24576K, used 999K [0x00000000d5580000, 0x00000000d7680000, 0x0000000100000000)
  eden space 23552K, 0% used [0x00000000d5580000,0x00000000d5580000,0x00000000d6c80000)
  from space 1024K, 97% used [0x00000000d7480000,0x00000000d7579d20,0x00000000d7580000)
  to   space 1024K, 0% used [0x00000000d7580000,0x00000000d7580000,0x00000000d7680000)
 ParOldGen       total 1295360K, used 709722K [0x0000000080000000, 0x00000000cf100000, 0x00000000d5580000)
  object space 1295360K, 54% used [0x0000000080000000,0x00000000ab516868,0x00000000cf100000)
 Metaspace       used 107416K, committed 109824K, reserved 1179648K
  class space    used 11079K, committed 12160K, reserved 1048576K
}
Event: 8901.476 GC heap before
{Heap before GC invocations=3500 (full 6):
 PSYoungGen      total 24576K, used 21919K [0x00000000d5580000, 0x00000000d7680000, 0x0000000100000000)
  eden space 23552K, 88% used [0x00000000d5580000,0x00000000d69edfb0,0x00000000d6c80000)
  from space 1024K, 97% used [0x00000000d7480000,0x00000000d7579d20,0x00000000d7580000)
  to   space 1024K, 0% used [0x00000000d7580000,0x00000000d7580000,0x00000000d7680000)
 ParOldGen       total 1295360K, used 709722K [0x0000000080000000, 0x00000000cf100000, 0x00000000d5580000)
  object space 1295360K, 54% used [0x0000000080000000,0x00000000ab516868,0x00000000cf100000)
 Metaspace       used 108068K, committed 110464K, reserved 1179648K
  class space    used 11163K, committed 12224K, reserved 1048576K
}
Event: 8901.886 GC heap after
{Heap after GC invocations=3500 (full 6):
 PSYoungGen      total 24064K, used 992K [0x00000000d5580000, 0x00000000d7680000, 0x0000000100000000)
  eden space 23040K, 0% used [0x00000000d5580000,0x00000000d5580000,0x00000000d6c00000)
  from space 1024K, 96% used [0x00000000d7580000,0x00000000d7678020,0x00000000d7680000)
  to   space 2048K, 0% used [0x00000000d7280000,0x00000000d7280000,0x00000000d7480000)
 ParOldGen       total 1295360K, used 709922K [0x0000000080000000, 0x00000000cf100000, 0x00000000d5580000)
  object space 1295360K, 54% used [0x0000000080000000,0x00000000ab548870,0x00000000cf100000)
 Metaspace       used 108068K, committed 110464K, reserved 1179648K
  class space    used 11163K, committed 12224K, reserved 1048576K
}

Dll operation events (14 events):
Event: 0.028 Loaded shared library c:\Users\gueva\.vscode\extensions\redhat.java-1.55.0-win32-x64\jre\21.0.11-win32-x86_64\bin\java.dll
Event: 0.151 Loaded shared library c:\Users\gueva\.vscode\extensions\redhat.java-1.55.0-win32-x64\jre\21.0.11-win32-x86_64\bin\zip.dll
Event: 0.217 Loaded shared library C:\Users\gueva\.vscode\extensions\redhat.java-1.55.0-win32-x64\jre\21.0.11-win32-x86_64\bin\instrument.dll
Event: 0.227 Loaded shared library C:\Users\gueva\.vscode\extensions\redhat.java-1.55.0-win32-x64\jre\21.0.11-win32-x86_64\bin\net.dll
Event: 0.239 Loaded shared library C:\Users\gueva\.vscode\extensions\redhat.java-1.55.0-win32-x64\jre\21.0.11-win32-x86_64\bin\nio.dll
Event: 0.249 Loaded shared library C:\Users\gueva\.vscode\extensions\redhat.java-1.55.0-win32-x64\jre\21.0.11-win32-x86_64\bin\zip.dll
Event: 0.286 Loaded shared library C:\Users\gueva\.vscode\extensions\redhat.java-1.55.0-win32-x64\jre\21.0.11-win32-x86_64\bin\jimage.dll
Event: 0.449 Loaded shared library c:\Users\gueva\.vscode\extensions\redhat.java-1.55.0-win32-x64\jre\21.0.11-win32-x86_64\bin\verify.dll
Event: 3.546 Loaded shared library C:\Users\gueva\AppData\Roaming\Code\User\globalStorage\redhat.java\1.55.0\config_win\org.eclipse.equinox.launcher\org.eclipse.equinox.launcher.win32.win32.x86_64_1.3.100.v20260613-0559\eclipse_11924.dll
Event: 8.973 Loaded shared library C:\Users\gueva\.vscode\extensions\redhat.java-1.55.0-win32-x64\jre\21.0.11-win32-x86_64\bin\management.dll
Event: 8.982 Loaded shared library C:\Users\gueva\.vscode\extensions\redhat.java-1.55.0-win32-x64\jre\21.0.11-win32-x86_64\bin\management_ext.dll
Event: 12.711 Loaded shared library C:\Users\gueva\AppData\Local\Temp\jna-98709026\jna13776161831238762065.dll
Event: 13.483 Loaded shared library C:\Users\gueva\.vscode\extensions\redhat.java-1.55.0-win32-x64\jre\21.0.11-win32-x86_64\bin\sunmscapi.dll
Event: 13.660 Loaded shared library C:\Users\gueva\.vscode\extensions\redhat.java-1.55.0-win32-x64\jre\21.0.11-win32-x86_64\bin\extnet.dll

Deoptimization events (20 events):
Event: 8902.681 Thread 0x000001e5f0fc6fd0 Uncommon trap: trap_request=0xffffffde fr.pc=0x000001e59af2ccc8 relative=0x00000000000000a8
Event: 8902.681 Thread 0x000001e5f0fc6fd0 Uncommon trap: reason=class_check action=maybe_recompile pc=0x000001e59af2ccc8 method=com.sun.org.apache.xerces.internal.parsers.AbstractSAXParser.characters(Lcom/sun/org/apache/xerces/internal/xni/XMLString;Lcom/sun/org/apache/xerces/internal/xni/Augment
Event: 8902.681 Thread 0x000001e5f0fc6fd0 DEOPT PACKING pc=0x000001e59af2ccc8 sp=0x0000009dba3fd070
Event: 8902.681 Thread 0x000001e5f0fc6fd0 DEOPT UNPACKING pc=0x000001e59a993aa2 sp=0x0000009dba3fcfd8 mode 2
Event: 8902.681 Thread 0x000001e5f0fc6fd0 Uncommon trap: trap_request=0xffffffde fr.pc=0x000001e59af2ccc8 relative=0x00000000000000a8
Event: 8902.681 Thread 0x000001e5f0fc6fd0 Uncommon trap: reason=class_check action=maybe_recompile pc=0x000001e59af2ccc8 method=com.sun.org.apache.xerces.internal.parsers.AbstractSAXParser.characters(Lcom/sun/org/apache/xerces/internal/xni/XMLString;Lcom/sun/org/apache/xerces/internal/xni/Augment
Event: 8902.681 Thread 0x000001e5f0fc6fd0 DEOPT PACKING pc=0x000001e59af2ccc8 sp=0x0000009dba3fd070
Event: 8902.681 Thread 0x000001e5f0fc6fd0 DEOPT UNPACKING pc=0x000001e59a993aa2 sp=0x0000009dba3fcfd8 mode 2
Event: 8902.682 Thread 0x000001e5f0fc6fd0 Uncommon trap: trap_request=0xffffffde fr.pc=0x000001e59af2ccc8 relative=0x00000000000000a8
Event: 8902.682 Thread 0x000001e5f0fc6fd0 Uncommon trap: reason=class_check action=maybe_recompile pc=0x000001e59af2ccc8 method=com.sun.org.apache.xerces.internal.parsers.AbstractSAXParser.characters(Lcom/sun/org/apache/xerces/internal/xni/XMLString;Lcom/sun/org/apache/xerces/internal/xni/Augment
Event: 8902.682 Thread 0x000001e5f0fc6fd0 DEOPT PACKING pc=0x000001e59af2ccc8 sp=0x0000009dba3fd070
Event: 8902.682 Thread 0x000001e5f0fc6fd0 DEOPT UNPACKING pc=0x000001e59a993aa2 sp=0x0000009dba3fcfd8 mode 2
Event: 8902.752 Thread 0x000001e5f0fc6fd0 Uncommon trap: trap_request=0xffffff45 fr.pc=0x000001e59b6e3250 relative=0x00000000000004b0
Event: 8902.752 Thread 0x000001e5f0fc6fd0 Uncommon trap: reason=unstable_if action=reinterpret pc=0x000001e59b6e3250 method=org.eclipse.core.internal.events.ResourceComparator.compareDerived(Lorg/eclipse/core/internal/resources/ResourceInfo;Lorg/eclipse/core/internal/resources/ResourceInfo;)Z @ 1
Event: 8902.752 Thread 0x000001e5f0fc6fd0 DEOPT PACKING pc=0x000001e59b6e3250 sp=0x0000009dba3fe4d0
Event: 8902.752 Thread 0x000001e5f0fc6fd0 DEOPT UNPACKING pc=0x000001e59a993aa2 sp=0x0000009dba3fe3d8 mode 2
Event: 8902.755 Thread 0x000001e5f0fc6fd0 Uncommon trap: trap_request=0xffffff45 fr.pc=0x000001e59ba1f0ec relative=0x000000000000008c
Event: 8902.755 Thread 0x000001e5f0fc6fd0 Uncommon trap: reason=unstable_if action=reinterpret pc=0x000001e59ba1f0ec method=org.eclipse.core.internal.resources.ProjectPreferences.initialize()V @ 13 c2
Event: 8902.755 Thread 0x000001e5f0fc6fd0 DEOPT PACKING pc=0x000001e59ba1f0ec sp=0x0000009dba3fe830
Event: 8902.755 Thread 0x000001e5f0fc6fd0 DEOPT UNPACKING pc=0x000001e59a993aa2 sp=0x0000009dba3fe748 mode 2

Classes loaded (20 events):
Event: 8819.104 Loading class sun/nio/ch/UnixDomainSockets
Event: 8819.115 Loading class sun/nio/ch/UnixDomainSockets done
Event: 8819.115 Loading class sun/nio/ch/UnixDomainSocketsUtil
Event: 8819.116 Loading class sun/nio/ch/UnixDomainSocketsUtil done
Event: 8819.144 Loading class sun/nio/ch/ServerSocketChannelImpl
Event: 8819.162 Loading class sun/nio/ch/ServerSocketChannelImpl done
Event: 8819.202 Loading class sun/nio/ch/SourceChannelImpl
Event: 8819.204 Loading class java/nio/channels/Pipe$SourceChannel
Event: 8819.205 Loading class java/nio/channels/Pipe$SourceChannel done
Event: 8819.206 Loading class sun/nio/ch/SourceChannelImpl done
Event: 8819.206 Loading class sun/nio/ch/SinkChannelImpl
Event: 8819.207 Loading class java/nio/channels/Pipe$SinkChannel
Event: 8819.208 Loading class java/nio/channels/Pipe$SinkChannel done
Event: 8819.208 Loading class sun/nio/ch/SinkChannelImpl done
Event: 8819.251 Loading class java/nio/channels/spi/AbstractSelector$1
Event: 8819.252 Loading class java/nio/channels/spi/AbstractSelector$1 done
Event: 8901.955 Loading class java/util/LinkedList$LLSpliterator
Event: 8901.983 Loading class java/util/LinkedList$LLSpliterator done
Event: 8902.604 Loading class org/xml/sax/SAXParseException
Event: 8902.616 Loading class org/xml/sax/SAXParseException done

Classes unloaded (20 events):
Event: 2201.511 Thread 0x000001e590182d70 Unloading class 0x000001e5a8017400 'java/lang/invoke/LambdaForm$MH+0x000001e5a8017400'
Event: 2201.511 Thread 0x000001e590182d70 Unloading class 0x000001e5a8016400 'java/lang/invoke/LambdaForm$MH+0x000001e5a8016400'
Event: 2201.511 Thread 0x000001e590182d70 Unloading class 0x000001e5a800d800 'java/lang/invoke/LambdaForm$MH+0x000001e5a800d800'
Event: 2201.511 Thread 0x000001e590182d70 Unloading class 0x000001e5a800d400 'java/lang/invoke/LambdaForm$MH+0x000001e5a800d400'
Event: 2201.511 Thread 0x000001e590182d70 Unloading class 0x000001e5a800d000 'java/lang/invoke/LambdaForm$MH+0x000001e5a800d000'
Event: 2201.511 Thread 0x000001e590182d70 Unloading class 0x000001e5a800cc00 'java/lang/invoke/LambdaForm$MH+0x000001e5a800cc00'
Event: 2201.511 Thread 0x000001e590182d70 Unloading class 0x000001e5a800c800 'java/lang/invoke/LambdaForm$BMH+0x000001e5a800c800'
Event: 2201.511 Thread 0x000001e590182d70 Unloading class 0x000001e5a800c000 'java/lang/invoke/LambdaForm$DMH+0x000001e5a800c000'
Event: 2201.512 Thread 0x000001e590182d70 Unloading class 0x000001e5a8008c00 'java/lang/invoke/LambdaForm$MH+0x000001e5a8008c00'
Event: 2201.512 Thread 0x000001e590182d70 Unloading class 0x000001e5a8008800 'java/lang/invoke/LambdaForm$MH+0x000001e5a8008800'
Event: 2201.512 Thread 0x000001e590182d70 Unloading class 0x000001e5a8008400 'java/lang/invoke/LambdaForm$MH+0x000001e5a8008400'
Event: 2201.513 Thread 0x000001e590182d70 Unloading class 0x000001e5a8007000 'java/lang/invoke/LambdaForm$MH+0x000001e5a8007000'
Event: 2201.513 Thread 0x000001e590182d70 Unloading class 0x000001e5a8006800 'java/lang/invoke/LambdaForm$MH+0x000001e5a8006800'
Event: 2201.513 Thread 0x000001e590182d70 Unloading class 0x000001e5a8006400 'java/lang/invoke/LambdaForm$MH+0x000001e5a8006400'
Event: 2201.513 Thread 0x000001e590182d70 Unloading class 0x000001e5a8006000 'java/lang/invoke/LambdaForm$MH+0x000001e5a8006000'
Event: 2201.513 Thread 0x000001e590182d70 Unloading class 0x000001e5a8005c00 'java/lang/invoke/LambdaForm$BMH+0x000001e5a8005c00'
Event: 2201.514 Thread 0x000001e590182d70 Unloading class 0x000001e5a8004800 'java/lang/invoke/LambdaForm$DMH+0x000001e5a8004800'
Event: 2201.514 Thread 0x000001e590182d70 Unloading class 0x000001e5a8002400 'java/lang/invoke/LambdaForm$MH+0x000001e5a8002400'
Event: 2201.515 Thread 0x000001e590182d70 Unloading class 0x000001e5a8002000 'java/lang/invoke/LambdaForm$MH+0x000001e5a8002000'
Event: 2201.515 Thread 0x000001e590182d70 Unloading class 0x000001e5a8001800 'java/lang/invoke/LambdaForm$MH+0x000001e5a8001800'

Classes redefined (0 events):
No events

Internal exceptions (20 events):
Event: 8369.076 Thread 0x000001e5f0fc8380 Exception <a 'sun/nio/fs/WindowsException'{0x00000000d6d9ffb8}> (0x00000000d6d9ffb8) 
thrown [s\src\hotspot\share\prims\jni.cpp, line 520]
Event: 8369.077 Thread 0x000001e5f0fc8380 Exception <a 'sun/nio/fs/WindowsException'{0x00000000d6da07d0}> (0x00000000d6da07d0) 
thrown [s\src\hotspot\share\prims\jni.cpp, line 520]
Event: 8369.077 Thread 0x000001e5f0fc8380 Exception <a 'sun/nio/fs/WindowsException'{0x00000000d6da1910}> (0x00000000d6da1910) 
thrown [s\src\hotspot\share\prims\jni.cpp, line 520]
Event: 8369.077 Thread 0x000001e5f0fc8380 Exception <a 'sun/nio/fs/WindowsException'{0x00000000d6da2040}> (0x00000000d6da2040) 
thrown [s\src\hotspot\share\prims\jni.cpp, line 520]
Event: 8369.077 Thread 0x000001e5f0fc8380 Exception <a 'sun/nio/fs/WindowsException'{0x00000000d6da2b38}> (0x00000000d6da2b38) 
thrown [s\src\hotspot\share\prims\jni.cpp, line 520]
Event: 8369.077 Thread 0x000001e5f0fc8380 Exception <a 'sun/nio/fs/WindowsException'{0x00000000d6da3350}> (0x00000000d6da3350) 
thrown [s\src\hotspot\share\prims\jni.cpp, line 520]
Event: 8369.079 Thread 0x000001e5f0fc8380 Exception <a 'sun/nio/fs/WindowsException'{0x00000000d6da3ff8}> (0x00000000d6da3ff8) 
thrown [s\src\hotspot\share\prims\jni.cpp, line 520]
Event: 8369.079 Thread 0x000001e5f0fc8380 Exception <a 'sun/nio/fs/WindowsException'{0x00000000d6da4810}> (0x00000000d6da4810) 
thrown [s\src\hotspot\share\prims\jni.cpp, line 520]
Event: 8369.079 Thread 0x000001e5f0fc8380 Exception <a 'sun/nio/fs/WindowsException'{0x00000000d6da5710}> (0x00000000d6da5710) 
thrown [s\src\hotspot\share\prims\jni.cpp, line 520]
Event: 8369.079 Thread 0x000001e5f0fc8380 Exception <a 'sun/nio/fs/WindowsException'{0x00000000d6da5e40}> (0x00000000d6da5e40) 
thrown [s\src\hotspot\share\prims\jni.cpp, line 520]
Event: 8371.333 Thread 0x000001e5f0fc8380 Exception <a 'sun/nio/fs/WindowsException'{0x00000000d6ce87d8}> (0x00000000d6ce87d8) 
thrown [s\src\hotspot\share\prims\jni.cpp, line 520]
Event: 8371.333 Thread 0x000001e5f0fc8380 Exception <a 'sun/nio/fs/WindowsException'{0x00000000d6ce8ff0}> (0x00000000d6ce8ff0) 
thrown [s\src\hotspot\share\prims\jni.cpp, line 520]
Event: 8371.333 Thread 0x000001e5f0fc8380 Exception <a 'sun/nio/fs/WindowsException'{0x00000000d6ce9ef0}> (0x00000000d6ce9ef0) 
thrown [s\src\hotspot\share\prims\jni.cpp, line 520]
Event: 8371.333 Thread 0x000001e5f0fc8380 Exception <a 'sun/nio/fs/WindowsException'{0x00000000d6cea620}> (0x00000000d6cea620) 
thrown [s\src\hotspot\share\prims\jni.cpp, line 520]
Event: 8371.600 Thread 0x000001e5f2fb1ba0 Exception <a 'sun/nio/fs/WindowsException'{0x00000000d55e06b0}> (0x00000000d55e06b0) 
thrown [s\src\hotspot\share\prims\jni.cpp, line 520]
Event: 8371.600 Thread 0x000001e5f2fb1ba0 Exception <a 'sun/nio/fs/WindowsException'{0x00000000d55e0c58}> (0x00000000d55e0c58) 
thrown [s\src\hotspot\share\prims\jni.cpp, line 520]
Event: 8818.186 Thread 0x000001e5f2fada00 Exception <a 'java/lang/NoSuchMethodError'{0x00000000d5e4f9e0}: 'java.lang.Object java.lang.invoke.DirectMethodHandle$Holder.invokeStaticInit(java.lang.Object, java.lang.Object, int)'> (0x00000000d5e4f9e0) 
thrown [s\src\hotspot\share\interpreter\linkResolver.cpp, line 773]
Event: 8818.457 Thread 0x000001e5f2fada00 Implicit null exception at 0x000001e59c3fd03c to 0x000001e59c3fd418
Event: 8819.170 Thread 0x000001e5f2fada00 Implicit null exception at 0x000001e59c611c32 to 0x000001e59c61256c
Event: 8902.467 Thread 0x000001e5f0fc6fd0 Implicit null exception at 0x000001e59ca707ad to 0x000001e59ca71888

ZGC Phase Switch (0 events):
No events

VM Operations (20 events):
Event: 8839.862 Executing non-safepoint VM operation: HandshakeAllThreads (HandshakeForDeflation) done
Event: 8839.862 Executing non-safepoint VM operation: RendezvousGCThreads
Event: 8839.862 Executing non-safepoint VM operation: RendezvousGCThreads done
Event: 8862.766 Executing non-safepoint VM operation: HandshakeAllThreads (Deoptimize)
Event: 8862.766 Executing non-safepoint VM operation: HandshakeAllThreads (Deoptimize) done
Event: 8862.766 Executing safepoint VM operation: Cleanup
Event: 8862.766 Executing safepoint VM operation: Cleanup done
Event: 8863.772 Executing safepoint VM operation: Cleanup
Event: 8863.772 Executing safepoint VM operation: Cleanup done
Event: 8865.797 Executing safepoint VM operation: Cleanup
Event: 8865.797 Executing safepoint VM operation: Cleanup done
Event: 8900.101 Executing non-safepoint VM operation: HandshakeAllThreads (HandshakeForDeflation)
Event: 8900.102 Executing non-safepoint VM operation: HandshakeAllThreads (HandshakeForDeflation) done
Event: 8900.102 Executing non-safepoint VM operation: RendezvousGCThreads
Event: 8900.102 Executing non-safepoint VM operation: RendezvousGCThreads done
Event: 8901.117 Executing safepoint VM operation: Cleanup
Event: 8901.118 Executing safepoint VM operation: Cleanup done
Event: 8901.475 Executing safepoint VM operation: ParallelGCFailedAllocation (Allocation Failure)
Event: 8901.887 Executing safepoint VM operation: ParallelGCFailedAllocation (Allocation Failure) done
Event: 8902.894 Executing safepoint VM operation: Cleanup

Memory protections (0 events):
No events

Nmethod flushes (20 events):
Event: 2206.752 Thread 0x000001e590182d70 flushing  nmethod 0x000001e596611410
Event: 2206.752 Thread 0x000001e590182d70 flushing  nmethod 0x000001e59661f390
Event: 2206.752 Thread 0x000001e590182d70 flushing  nmethod 0x000001e596627f10
Event: 2206.752 Thread 0x000001e590182d70 flushing  nmethod 0x000001e59663d810
Event: 2206.752 Thread 0x000001e590182d70 flushing  nmethod 0x000001e596653c90
Event: 2206.752 Thread 0x000001e590182d70 flushing  nmethod 0x000001e596653f90
Event: 2206.752 Thread 0x000001e590182d70 flushing  nmethod 0x000001e596655f90
Event: 2206.752 Thread 0x000001e590182d70 flushing  nmethod 0x000001e596657390
Event: 2206.752 Thread 0x000001e590182d70 flushing  nmethod 0x000001e59667a710
Event: 2206.752 Thread 0x000001e590182d70 flushing  nmethod 0x000001e5966b9710
Event: 2206.752 Thread 0x000001e590182d70 flushing  nmethod 0x000001e5966bc410
Event: 2206.752 Thread 0x000001e590182d70 flushing  nmethod 0x000001e5966de710
Event: 2206.752 Thread 0x000001e590182d70 flushing osr nmethod 0x000001e5966ecb10
Event: 2206.752 Thread 0x000001e590182d70 flushing  nmethod 0x000001e5966eeb90
Event: 2206.752 Thread 0x000001e590182d70 flushing  nmethod 0x000001e5967a3810
Event: 2206.752 Thread 0x000001e590182d70 flushing  nmethod 0x000001e5967a4490
Event: 2206.753 Thread 0x000001e590182d70 flushing  nmethod 0x000001e5967a6710
Event: 2206.753 Thread 0x000001e590182d70 flushing  nmethod 0x000001e5967eed90
Event: 2206.753 Thread 0x000001e590182d70 flushing osr nmethod 0x000001e5967f8710
Event: 2206.753 Thread 0x000001e590182d70 flushing  nmethod 0x000001e596873790

Events (20 events):
Event: 8438.900 Thread 0x000001e5f0fc8380 Thread exited: 0x000001e5f0fc8380
Event: 8472.637 Thread 0x000001e5f2fac650 Thread exited: 0x000001e5f2fac650
Event: 8498.904 Thread 0x000001e5f2fae720 Thread exited: 0x000001e5f2fae720
Event: 8558.925 Thread 0x000001e5f2fada00 Thread exited: 0x000001e5f2fada00
Event: 8618.932 Thread 0x000001e5f2fb1510 Thread exited: 0x000001e5f2fb1510
Event: 8668.663 Thread 0x000001e5f0fc2110 Thread exited: 0x000001e5f0fc2110
Event: 8678.953 Thread 0x000001e5f2faedb0 Thread exited: 0x000001e5f2faedb0
Event: 8738.980 Thread 0x000001e5f2fb0160 Thread exited: 0x000001e5f2fb0160
Event: 8763.360 Thread 0x000001e5ef1a6890 Thread added: 0x000001e5f2fae720
Event: 8809.765 Thread 0x000001e5f2fad370 Thread added: 0x000001e5f2fafad0
Event: 8811.123 Thread 0x000001e5ef1a6890 Thread added: 0x000001e5f2faedb0
Event: 8811.131 Thread 0x000001e5ef1a6890 Thread added: 0x000001e5f2fada00
Event: 8811.142 Thread 0x000001e5f2fada00 Thread added: 0x000001e5f2fac650
Event: 8811.150 Thread 0x000001e5ef1a6890 Thread added: 0x000001e5f2fb1510
Event: 8811.170 Thread 0x000001e5f2fae720 Thread added: 0x000001e5f2fb1ba0
Event: 8819.241 Thread 0x000001e5f2fada00 Thread added: 0x000001e5f2fb35e0
Event: 8862.799 Thread 0x000001e5f2fada00 Thread added: 0x000001e5f2fb0160
Event: 8862.801 Thread 0x000001e5f2fb0160 Thread exited: 0x000001e5f2fb0160
Event: 8865.332 Thread 0x000001e5f2fafad0 Thread added: 0x000001e5f2fb0160
Event: 8902.558 Thread 0x000001e5f2fb35e0 Thread exited: 0x000001e5f2fb35e0


Dynamic libraries:
0x00007ff710280000 - 0x00007ff71028e000 	c:\Users\gueva\.vscode\extensions\redhat.java-1.55.0-win32-x64\jre\21.0.11-win32-x86_64\bin\java.exe
0x00007ffbf2e60000 - 0x00007ffbf30c6000 	C:\WINDOWS\SYSTEM32\ntdll.dll
0x00007ffbf0bd0000 - 0x00007ffbf0c99000 	C:\WINDOWS\System32\KERNEL32.DLL
0x00007ffbf0210000 - 0x00007ffbf060e000 	C:\WINDOWS\System32\KERNELBASE.dll
0x00007ffbf00b0000 - 0x00007ffbf01fc000 	C:\WINDOWS\System32\ucrtbase.dll
0x00007ffbd26d0000 - 0x00007ffbd26e8000 	c:\Users\gueva\.vscode\extensions\redhat.java-1.55.0-win32-x64\jre\21.0.11-win32-x86_64\bin\jli.dll
0x00007ffbd2430000 - 0x00007ffbd244e000 	c:\Users\gueva\.vscode\extensions\redhat.java-1.55.0-win32-x64\jre\21.0.11-win32-x86_64\bin\VCRUNTIME140.dll
0x00007ffbf23e0000 - 0x00007ffbf25a7000 	C:\WINDOWS\System32\USER32.dll
0x00007ffbf0080000 - 0x00007ffbf00a7000 	C:\WINDOWS\System32\win32u.dll
0x00007ffbf0ba0000 - 0x00007ffbf0bcb000 	C:\WINDOWS\System32\GDI32.dll
0x00007ffbdc520000 - 0x00007ffbdc7b2000 	C:\WINDOWS\WinSxS\amd64_microsoft.windows.common-controls_6595b64144ccf1df_6.0.26100.8875_none_3e0d5d42e32fe9dd\COMCTL32.dll
0x00007ffbf0620000 - 0x00007ffbf074a000 	C:\WINDOWS\System32\gdi32full.dll
0x00007ffbf0ca0000 - 0x00007ffbf0d49000 	C:\WINDOWS\System32\msvcrt.dll
0x00007ffbf0ae0000 - 0x00007ffbf0b83000 	C:\WINDOWS\System32\msvcp_win.dll
0x00007ffbf0dc0000 - 0x00007ffbf0df2000 	C:\WINDOWS\System32\IMM32.DLL
0x00007ffbe1d70000 - 0x00007ffbe1d7c000 	c:\Users\gueva\.vscode\extensions\redhat.java-1.55.0-win32-x64\jre\21.0.11-win32-x86_64\bin\vcruntime140_1.dll
0x00007ffbbb850000 - 0x00007ffbbb8dd000 	c:\Users\gueva\.vscode\extensions\redhat.java-1.55.0-win32-x64\jre\21.0.11-win32-x86_64\bin\msvcp140.dll
0x00007ffb0cba0000 - 0x00007ffb0d942000 	c:\Users\gueva\.vscode\extensions\redhat.java-1.55.0-win32-x64\jre\21.0.11-win32-x86_64\bin\server\jvm.dll
0x00007ffbf0e00000 - 0x00007ffbf0eb7000 	C:\WINDOWS\System32\ADVAPI32.dll
0x00007ffbf2d60000 - 0x00007ffbf2e0a000 	C:\WINDOWS\System32\sechost.dll
0x00007ffbf27b0000 - 0x00007ffbf28c8000 	C:\WINDOWS\System32\RPCRT4.dll
0x00007ffbf16a0000 - 0x00007ffbf1720000 	C:\WINDOWS\System32\WS2_32.dll
0x00007ffbefee0000 - 0x00007ffbeff3e000 	C:\WINDOWS\SYSTEM32\POWRPROF.dll
0x00007ffbe6220000 - 0x00007ffbe6256000 	C:\WINDOWS\SYSTEM32\WINMM.dll
0x00007ffbde460000 - 0x00007ffbde46b000 	C:\WINDOWS\SYSTEM32\VERSION.dll
0x00007ffbefeb0000 - 0x00007ffbefec4000 	C:\WINDOWS\SYSTEM32\UMPDC.dll
0x00007ffbeed60000 - 0x00007ffbeed7b000 	C:\WINDOWS\SYSTEM32\kernel.appcore.dll
0x00007ffbe1d30000 - 0x00007ffbe1d3a000 	c:\Users\gueva\.vscode\extensions\redhat.java-1.55.0-win32-x64\jre\21.0.11-win32-x86_64\bin\jimage.dll
0x00007ffbed720000 - 0x00007ffbed962000 	C:\WINDOWS\SYSTEM32\DBGHELP.DLL
0x00007ffbf1730000 - 0x00007ffbf1ab3000 	C:\WINDOWS\System32\combase.dll
0x00007ffbf25b0000 - 0x00007ffbf2689000 	C:\WINDOWS\System32\OLEAUT32.dll
0x00007ffbdc7c0000 - 0x00007ffbdc7fb000 	C:\WINDOWS\SYSTEM32\dbgcore.DLL
0x00007ffbf0a20000 - 0x00007ffbf0acc000 	C:\WINDOWS\System32\bcryptPrimitives.dll
0x00007ffbe1b20000 - 0x00007ffbe1b2f000 	c:\Users\gueva\.vscode\extensions\redhat.java-1.55.0-win32-x64\jre\21.0.11-win32-x86_64\bin\instrument.dll
0x00007ffbd18c0000 - 0x00007ffbd18e0000 	c:\Users\gueva\.vscode\extensions\redhat.java-1.55.0-win32-x64\jre\21.0.11-win32-x86_64\bin\java.dll
0x00007ffbf1bb0000 - 0x00007ffbf2342000 	C:\WINDOWS\System32\SHELL32.dll
0x00007ffbed970000 - 0x00007ffbee202000 	C:\WINDOWS\SYSTEM32\windows.storage.dll
0x00007ffbf15a0000 - 0x00007ffbf1697000 	C:\WINDOWS\System32\SHCORE.dll
0x00007ffbf0d50000 - 0x00007ffbf0db7000 	C:\WINDOWS\System32\shlwapi.dll
0x00007ffbeffa0000 - 0x00007ffbeffc9000 	C:\WINDOWS\SYSTEM32\profapi.dll
0x00007ffbd1600000 - 0x00007ffbd1618000 	c:\Users\gueva\.vscode\extensions\redhat.java-1.55.0-win32-x64\jre\21.0.11-win32-x86_64\bin\zip.dll
0x00007ffbd9b00000 - 0x00007ffbd9b10000 	C:\Users\gueva\.vscode\extensions\redhat.java-1.55.0-win32-x64\jre\21.0.11-win32-x86_64\bin\net.dll
0x00007ffbe5e40000 - 0x00007ffbe5f67000 	C:\WINDOWS\SYSTEM32\WINHTTP.dll
0x00007ffbef310000 - 0x00007ffbef37c000 	C:\WINDOWS\system32\mswsock.dll
0x00007ffbd60c0000 - 0x00007ffbd60d6000 	C:\Users\gueva\.vscode\extensions\redhat.java-1.55.0-win32-x64\jre\21.0.11-win32-x86_64\bin\nio.dll
0x00007ffbd60b0000 - 0x00007ffbd60c0000 	c:\Users\gueva\.vscode\extensions\redhat.java-1.55.0-win32-x64\jre\21.0.11-win32-x86_64\bin\verify.dll
0x00007ffbd1520000 - 0x00007ffbd1565000 	C:\Users\gueva\AppData\Roaming\Code\User\globalStorage\redhat.java\1.55.0\config_win\org.eclipse.equinox.launcher\org.eclipse.equinox.launcher.win32.win32.x86_64_1.3.100.v20260613-0559\eclipse_11924.dll
0x00007ffbf28d0000 - 0x00007ffbf2a69000 	C:\WINDOWS\System32\ole32.dll
0x00007ffbd5fb0000 - 0x00007ffbd5fba000 	C:\Users\gueva\.vscode\extensions\redhat.java-1.55.0-win32-x64\jre\21.0.11-win32-x86_64\bin\management.dll
0x00007ffbd2510000 - 0x00007ffbd251c000 	C:\Users\gueva\.vscode\extensions\redhat.java-1.55.0-win32-x64\jre\21.0.11-win32-x86_64\bin\management_ext.dll
0x00007ffbf23a0000 - 0x00007ffbf23a8000 	C:\WINDOWS\System32\PSAPI.DLL
0x00007ffbef610000 - 0x00007ffbef62b000 	C:\WINDOWS\SYSTEM32\CRYPTSP.dll
0x00007ffbeecc0000 - 0x00007ffbeecf9000 	C:\WINDOWS\system32\rsaenh.dll
0x00007ffbef3d0000 - 0x00007ffbef402000 	C:\WINDOWS\SYSTEM32\USERENV.dll
0x00007ffbeff70000 - 0x00007ffbeff9a000 	C:\WINDOWS\SYSTEM32\bcrypt.dll
0x00007ffbef630000 - 0x00007ffbef63c000 	C:\WINDOWS\SYSTEM32\CRYPTBASE.dll
0x00007ffbee6b0000 - 0x00007ffbee6e3000 	C:\WINDOWS\SYSTEM32\IPHLPAPI.DLL
0x00007ffbf2e10000 - 0x00007ffbf2e1a000 	C:\WINDOWS\System32\NSI.dll
0x00007ffbbc210000 - 0x00007ffbbc259000 	C:\Users\gueva\AppData\Local\Temp\jna-98709026\jna13776161831238762065.dll
0x00007ffbea460000 - 0x00007ffbea47d000 	C:\WINDOWS\SYSTEM32\dhcpcsvc6.DLL
0x00007ffbea410000 - 0x00007ffbea435000 	C:\WINDOWS\SYSTEM32\dhcpcsvc.DLL
0x00007ffbd2350000 - 0x00007ffbd235e000 	C:\Users\gueva\.vscode\extensions\redhat.java-1.55.0-win32-x64\jre\21.0.11-win32-x86_64\bin\sunmscapi.dll
0x00007ffbf0750000 - 0x00007ffbf08c8000 	C:\WINDOWS\System32\CRYPT32.dll
0x00007ffbef850000 - 0x00007ffbef880000 	C:\WINDOWS\SYSTEM32\ncrypt.dll
0x00007ffbef800000 - 0x00007ffbef83f000 	C:\WINDOWS\SYSTEM32\NTASN1.dll
0x00007ffbee6f0000 - 0x00007ffbee846000 	C:\WINDOWS\SYSTEM32\DNSAPI.dll
0x00007ffbef110000 - 0x00007ffbef11d000 	C:\WINDOWS\SYSTEM32\DSPARSE.dll
0x00007ffbe5b60000 - 0x00007ffbe5b6b000 	C:\Windows\System32\rasadhlp.dll
0x00007ffbea650000 - 0x00007ffbea6d6000 	C:\WINDOWS\System32\fwpuclnt.dll
0x00007ffbd1850000 - 0x00007ffbd1859000 	C:\Users\gueva\.vscode\extensions\redhat.java-1.55.0-win32-x64\jre\21.0.11-win32-x86_64\bin\extnet.dll
0x00007ffba9fb0000 - 0x00007ffba9fb8000 	C:\WINDOWS\system32\wshunix.dll

JVMTI agents:
c:\Users\gueva\.vscode\extensions\redhat.java-1.55.0-win32-x64\lombok\lombok-1.18.39-4050.jar path:c:\Users\gueva\.vscode\extensions\redhat.java-1.55.0-win32-x64\jre\21.0.11-win32-x86_64\bin\instrument.dll, loaded, initialized, instrumentlib options:none

dbghelp: loaded successfully - version: 4.0.5 - missing functions: none
symbol engine: initialized successfully - sym options: 0x614 - pdb path: .;c:\Users\gueva\.vscode\extensions\redhat.java-1.55.0-win32-x64\jre\21.0.11-win32-x86_64\bin;C:\WINDOWS\SYSTEM32;C:\WINDOWS\WinSxS\amd64_microsoft.windows.common-controls_6595b64144ccf1df_6.0.26100.8875_none_3e0d5d42e32fe9dd;c:\Users\gueva\.vscode\extensions\redhat.java-1.55.0-win32-x64\jre\21.0.11-win32-x86_64\bin\server;C:\Users\gueva\AppData\Roaming\Code\User\globalStorage\redhat.java\1.55.0\config_win\org.eclipse.equinox.launcher\org.eclipse.equinox.launcher.win32.win32.x86_64_1.3.100.v20260613-0559;C:\Users\gueva\AppData\Local\Temp\jna-98709026

VM Arguments:
jvm_args: --add-modules=ALL-SYSTEM --add-opens=java.base/java.util=ALL-UNNAMED --add-opens=java.base/java.lang=ALL-UNNAMED --add-opens=java.base/sun.nio.fs=ALL-UNNAMED -Declipse.application=org.eclipse.jdt.ls.core.id1 -Dosgi.bundles.defaultStartLevel=4 -Declipse.product=org.eclipse.jdt.ls.core.product -Djava.import.generatesMetadataFilesAtProjectRoot=false -DDetectVMInstallationsJob.disabled=true -Dfile.encoding=utf8 -XX:+UseParallelGC -XX:GCTimeRatio=4 -XX:AdaptiveSizePolicyWeight=90 -Dsun.zip.disableMemoryMapping=true -Xmx2G -Xms100m -Xlog:disable -javaagent:c:\Users\gueva\.vscode\extensions\redhat.java-1.55.0-win32-x64\lombok\lombok-1.18.39-4050.jar -XX:+HeapDumpOnOutOfMemoryError -XX:HeapDumpPath=c:\Users\gueva\AppData\Roaming\Code\User\workspaceStorage\5fd818618211ab469c80fdabcfed7426\redhat.java -Daether.dependencyCollector.impl=bf 
java_command: c:\Users\gueva\.vscode\extensions\redhat.java-1.55.0-win32-x64\server\plugins\org.eclipse.equinox.launcher_1.7.200.v20260619-2039.jar -configuration c:\Users\gueva\AppData\Roaming\Code\User\globalStorage\redhat.java\1.55.0\config_win -data c:\Users\gueva\AppData\Roaming\Code\User\workspaceStorage\5fd818618211ab469c80fdabcfed7426\redhat.java\jdt_ws --pipe=\\.\pipe\lsp-0aa6a5f97fffd6e28ae79ae0a5cdc6f1-sock
java_class_path (initial): c:\Users\gueva\.vscode\extensions\redhat.java-1.55.0-win32-x64\server\plugins\org.eclipse.equinox.launcher_1.7.200.v20260619-2039.jar
Launcher Type: SUN_STANDARD

[Global flags]
    uintx AdaptiveSizePolicyWeight                 = 90                                        {product} {command line}
     intx CICompilerCount                          = 4                                         {product} {ergonomic}
    uintx GCTimeRatio                              = 4                                         {product} {command line}
     bool HeapDumpOnOutOfMemoryError               = true                                   {manageable} {command line}
    ccstr HeapDumpPath                             = c:\Users\gueva\AppData\Roaming\Code\User\workspaceStorage\5fd818618211ab469c80fdabcfed7426\redhat.java         {manageable} {command line}
   size_t InitialHeapSize                          = 104857600                                 {product} {command line}
   size_t MaxHeapSize                              = 2147483648                                {product} {command line}
   size_t MaxNewSize                               = 715653120                                 {product} {ergonomic}
   size_t MinHeapDeltaBytes                        = 524288                                    {product} {ergonomic}
   size_t MinHeapSize                              = 104857600                                 {product} {command line}
   size_t NewSize                                  = 34603008                                  {product} {ergonomic}
    uintx NonNMethodCodeHeapSize                   = 5839372                                {pd product} {ergonomic}
    uintx NonProfiledCodeHeapSize                  = 122909434                              {pd product} {ergonomic}
   size_t OldSize                                  = 70254592                                  {product} {ergonomic}
    uintx ProfiledCodeHeapSize                     = 122909434                              {pd product} {ergonomic}
    uintx ReservedCodeCacheSize                    = 251658240                              {pd product} {ergonomic}
     bool SegmentedCodeCache                       = true                                      {product} {ergonomic}
   size_t SoftMaxHeapSize                          = 2147483648                             {manageable} {ergonomic}
     bool UseCompressedOops                        = true                           {product lp64_product} {ergonomic}
     bool UseLargePagesIndividualAllocation        = false                                  {pd product} {ergonomic}
     bool UseParallelGC                            = true                                      {product} {command line}

Logging:
Log output configuration:
 #0: stdout all=off uptime,level,tags foldmultilines=false
 #1: stderr all=off uptime,level,tags foldmultilines=false

Release file:
JAVA_VERSION="21.0.11" 
MODULES="java.base java.compiler java.datatransfer java.xml java.prefs java.desktop java.instrument java.logging java.management java.security.sasl java.naming java.rmi java.management.rmi java.net.http java.scripting java.security.jgss java.transaction.xa java.sql java.sql.rowset java.xml.crypto java.se java.smartcardio jdk.accessibility jdk.internal.jvmstat jdk.attach jdk.charsets jdk.internal.opt jdk.zipfs jdk.compiler jdk.crypto.ec jdk.crypto.cryptoki jdk.crypto.mscapi jdk.dynalink jdk.internal.ed jdk.editpad jdk.hotspot.agent jdk.httpserver jdk.internal.le jdk.internal.vm.ci jdk.internal.vm.compiler jdk.internal.vm.compiler.management jdk.jartool jdk.javadoc jdk.jcmd jdk.management jdk.management.agent jdk.jconsole jdk.jdeps jdk.jdwp.agent jdk.jdi jdk.jfr jdk.jshell jdk.jsobject jdk.jstatd jdk.localedata jdk.management.jfr jdk.naming.dns jdk.naming.rmi jdk.net jdk.nio.mapmode jdk.random jdk.sctp jdk.security.auth jdk.security.jgss jdk.unsupported jdk.unsupported.desktop jdk.xml.dom" 

Environment Variables:
PATH=C:\Program Files\Common Files\Oracle\Java\javapath;C:\WINDOWS\system32;C:\WINDOWS;C:\WINDOWS\System32\Wbem;C:\WINDOWS\System32\WindowsPowerShell\v1.0\;C:\WINDOWS\System32\OpenSSH\;C:\Program Files\dotnet\;C:\Program Files\Java\jdk-25\bin;C:\Program Files\nodejs\;C:\xampp\php;C:\ProgramData\ComposerSetup\bin;C:\Program Files\Git\cmd;C:\Program Files (x86)\Microsoft SQL Server\160\Tools\Binn\;C:\Program Files\Microsoft SQL Server\160\Tools\Binn\;C:\Program Files\Microsoft SQL Server\Client SDK\ODBC\170\Tools\Binn\;C:\Program Files\Microsoft SQL Server\160\DTS\Binn\;C:\Program Files (x86)\Microsoft SQL Server\160\DTS\Binn\;C:\ProgramData\chocolatey\bin;C:\flutter\bin;;C:\Program Files\Docker\Docker\resources\bin;C:\Users\gueva\AppData\Local\Programs\Python\Launcher\;C:\Program Files\MySQL\MySQL Shell 8.0\bin\;C:\Users\gueva\AppData\Local\Microsoft\WindowsApps;C:\Users\gueva\AppData\Local\Programs\Microsoft VS Code\bin;C:\Program Files\Java\jdk-25\bin;C:\Users\gueva\AppData\Roaming\npm;C:\Users\gueva\AppData\Roaming\Composer\vendor\bin;C:\Users\gueva\AppData\Roaming\npm;C:\Users\gueva\AppData\Local\Python\bin;C:\Program Files\Git\bin;C:\Users\gueva\AppData\Local\Programs\mongosh\;C:\Program Files\MongoDB\Tools\100\bin;C:\Program Files\MongoDB\Server\8.2\bin;C:\flutter\bin;C:\Program Files\MySQL\MySQL Server 8.0\bin;C:\Program Files\Docker\Docker;
USERNAME=gueva
OS=Windows_NT
PROCESSOR_IDENTIFIER=AMD64 Family 23 Model 160 Stepping 0, AuthenticAMD
TMP=C:\Users\gueva\AppData\Local\Temp
TEMP=C:\Users\gueva\AppData\Local\Temp




Periodic native trim disabled

---------------  S Y S T E M  ---------------

OS:
 Windows 11 , 64 bit Build 26100 (10.0.26100.8875)
OS uptime: 0 days 3:08 hours
Hyper-V role detected

CPU: total 8 (initial active 8) (8 cores per cpu, 2 threads per core) family 23 model 160 stepping 0 microcode 0x8a0000b, cx8, cmov, fxsr, ht, mmx, 3dnowpref, sse, sse2, sse3, ssse3, sse4a, sse4.1, sse4.2, popcnt, lzcnt, tsc, tscinvbit, avx, avx2, aes, clmul, bmi1, bmi2, adx, sha, fma, vzeroupper, clflush, clflushopt, hv, rdtscp, rdpid, f16c
Processor Information for the first 8 processors :
  Max Mhz: 2801, Current Mhz: 2801, Mhz Limit: 2801

Memory: 4k page, system-wide physical 7379M (153M free)
TotalPageFile size 29907M (AvailPageFile size 0M)
current process WorkingSet (physical memory assigned to process): 251M, peak: 684M
current process commit charge ("private bytes"): 1733M, peak: 1766M

vm_info: OpenJDK 64-Bit Server VM (21.0.11+10-LTS) for windows-amd64 JRE (21.0.11+10-LTS), built on 2026-04-21T00:00:00Z by "admin" with MS VC++ 17.12 (VS2022)

END.
